<?xml version="1.0" encoding="UTF-8" ?>
<testsuite tests="11" failures="0" name="xyz.herther.Test.MybatisTest" time="0.872" errors="0" skipped="0">
  <properties>
    <property name="java.runtime.name" value="Java(TM) SE Runtime Environment"/>
    <property name="sun.boot.library.path" value="D:\JDK\jre\bin"/>
    <property name="java.vm.version" value="25.221-b11"/>
    <property name="java.vm.vendor" value="Oracle Corporation"/>
    <property name="maven.multiModuleProjectDirectory" value="F:\Mybatis\JUnit4"/>
    <property name="java.vendor.url" value="http://java.oracle.com/"/>
    <property name="path.separator" value=";"/>
    <property name="guice.disable.misplaced.annotation.check" value="true"/>
    <property name="java.vm.name" value="Java HotSpot(TM) 64-Bit Server VM"/>
    <property name="file.encoding.pkg" value="sun.io"/>
    <property name="user.script" value=""/>
    <property name="user.country" value="CN"/>
    <property name="sun.java.launcher" value="SUN_STANDARD"/>
    <property name="sun.os.patch.level" value=""/>
    <property name="java.vm.specification.name" value="Java Virtual Machine Specification"/>
    <property name="user.dir" value="F:\Mybatis\JUnit4"/>
    <property name="java.runtime.version" value="1.8.0_221-b11"/>
    <property name="java.awt.graphicsenv" value="sun.awt.Win32GraphicsEnvironment"/>
    <property name="java.endorsed.dirs" value="D:\JDK\jre\lib\endorsed"/>
    <property name="os.arch" value="amd64"/>
    <property name="java.io.tmpdir" value="C:\Users\Herther\AppData\Local\Temp\"/>
    <property name="line.separator" value="
"/>
    <property name="java.vm.specification.vendor" value="Oracle Corporation"/>
    <property name="user.variant" value=""/>
    <property name="os.name" value="Windows 10"/>
    <property name="maven.ext.class.path" value="D:\IntelliJ IDEA 2019.3.3\plugins\maven\lib\maven-event-listener.jar"/>
    <property name="classworlds.conf" value="D:\Maven\apache-maven-3.6.3-bin\bin\m2.conf"/>
    <property name="sun.jnu.encoding" value="GBK"/>
    <property name="java.library.path" value="D:\JDK\bin;C:\Windows\Sun\Java\bin;C:\Windows\system32;C:\Windows;C:\Program Files (x86)\Common Files\Intel\Shared Libraries\redist\intel64\compiler;C:\Windows\system32;C:\Windows;C:\Windows\System32\Wbem;C:\Windows\System32\WindowsPowerShell\v1.0\;C:\Windows\System32\OpenSSH\;D:\Maven\apache-maven-3.6.3-bin\;D:\JDK\bin;D:\常用编程软件\Microsoft VS Code\bin;D:\Git\cmd;D:\python;C:\Users\Herther\AppData\Local\Microsoft\WindowsApps;D:\压缩软件\;."/>
    <property name="maven.conf" value="D:\Maven\apache-maven-3.6.3-bin/conf"/>
    <property name="java.specification.name" value="Java Platform API Specification"/>
    <property name="java.class.version" value="52.0"/>
    <property name="sun.management.compiler" value="HotSpot 64-Bit Tiered Compilers"/>
    <property name="maven.repo.local" value="D:\Maven\Repository"/>
    <property name="os.version" value="10.0"/>
    <property name="idea.version2019.3.3" value="true"/>
    <property name="user.home" value="C:\Users\Herther"/>
    <property name="user.timezone" value="Asia/Shanghai"/>
    <property name="java.awt.printerjob" value="sun.awt.windows.WPrinterJob"/>
    <property name="java.specification.version" value="1.8"/>
    <property name="file.encoding" value="UTF-8"/>
    <property name="user.name" value="Herther"/>
    <property name="java.class.path" value="D:\Maven\apache-maven-3.6.3-bin\boot\plexus-classworlds-2.6.0.jar;D:\Maven\apache-maven-3.6.3-bin\boot\plexus-classworlds.license;D:\IntelliJ IDEA 2019.3.3\lib\idea_rt.jar"/>
    <property name="java.vm.specification.version" value="1.8"/>
    <property name="sun.arch.data.model" value="64"/>
    <property name="java.home" value="D:\JDK\jre"/>
    <property name="sun.java.command" value="org.codehaus.classworlds.Launcher -Didea.version2019.3.3 -s D:\Maven\apache-maven-3.6.3-bin\conf\settings.xml -Dmaven.repo.local=D:\Maven\Repository install"/>
    <property name="java.specification.vendor" value="Oracle Corporation"/>
    <property name="user.language" value="zh"/>
    <property name="awt.toolkit" value="sun.awt.windows.WToolkit"/>
    <property name="java.vm.info" value="mixed mode"/>
    <property name="java.version" value="1.8.0_221"/>
    <property name="java.ext.dirs" value="D:\JDK\jre\lib\ext;C:\Windows\Sun\Java\lib\ext"/>
    <property name="sun.boot.class.path" value="D:\JDK\jre\lib\resources.jar;D:\JDK\jre\lib\rt.jar;D:\JDK\jre\lib\sunrsasign.jar;D:\JDK\jre\lib\jsse.jar;D:\JDK\jre\lib\jce.jar;D:\JDK\jre\lib\charsets.jar;D:\JDK\jre\lib\jfr.jar;D:\JDK\jre\classes"/>
    <property name="java.vendor" value="Oracle Corporation"/>
    <property name="maven.home" value="D:\Maven\apache-maven-3.6.3-bin"/>
    <property name="file.separator" value="\"/>
    <property name="java.vendor.url.bug" value="http://bugreport.sun.com/bugreport/"/>
    <property name="sun.cpu.endian" value="little"/>
    <property name="sun.io.unicode.encoding" value="UnicodeLittle"/>
    <property name="sun.desktop" value="windows"/>
    <property name="sun.cpu.isalist" value="amd64"/>
  </properties>
  <testcase classname="xyz.herther.Test.MybatisTest" name="TestSqlSessionFactory" time="0.613"/>
  <testcase classname="xyz.herther.Test.MybatisTest" name="TestDelete" time="0.076"/>
  <testcase classname="xyz.herther.Test.MybatisTest" name="TestInsert" time="0.026"/>
  <testcase classname="xyz.herther.Test.MybatisTest" name="TestUpdate" time="0.021"/>
  <testcase classname="xyz.herther.Test.MybatisTest" name="TestSelectAll" time="0.016"/>
  <testcase classname="xyz.herther.Test.MybatisTest" name="TestSelectDto" time="0.049"/>
  <testcase classname="xyz.herther.Test.MybatisTest" name="TestMybatisUtils" time="0.006"/>
  <testcase classname="xyz.herther.Test.MybatisTest" name="TestDynamiSelect" time="0.029"/>
  <testcase classname="xyz.herther.Test.MybatisTest" name="TestSelectById" time="0.005"/>
  <testcase classname="xyz.herther.Test.MybatisTest" name="TestselectClick" time="0.008"/>
  <testcase classname="xyz.herther.Test.MybatisTest" name="TestselectMap" time="0.023"/>
</testsuite>